*** Using Compiler 'V5.06 update 7 (build 960)', folder: 'C:\Keil_v5\ARM\ARMCC\Bin'
Rebuild target 'LED'
assembling startup_stm32f10x_hd.s...
compiling core_cm3.c...
compiling main.c...
compiling stm32f10x_adc.c...
compiling stm32f10x_dma.c...
compiling stm32f10x_rcc.c...
compiling stm32f10x_flash.c...
compiling stm32f10x_iwdg.c...
compiling misc.c...
compiling stm32f10x_crc.c...
compiling stm32f10x_exti.c...
compiling stm32f10x_dbgmcu.c...
compiling stm32f10x_cec.c...
compiling stm32f10x_it.c...
compiling stm32f10x_bkp.c...
compiling stm32f10x_i2c.c...
compiling system_stm32f10x.c...
compiling stm32f10x_gpio.c...
compiling stm32f10x_pwr.c...
compiling stm32f10x_dac.c...
compiling stm32f10x_rtc.c...
compiling stm32f10x_wwdg.c...
compiling stm32f10x_spi.c...
compiling delay.c...
compiling stm32f10x_fsmc.c...
compiling stm32f10x_usart.c...
compiling stm32f10x_sdio.c...
compiling stm32f10x_can.c...
compiling bsp_LED.c...
compiling stm32f10x_tim.c...
compiling bsp.c...
linking...
Program Size: Code=1192 RO-data=336 RW-data=24 ZI-data=1024  
FromELF: creating hex file...
"..\OBJ\LED.axf" - 0 Error(s), 0 Warning(s).
Build Time Elapsed:  00:00:02
